<?xml version="1.0" encoding="UTF-8"?>
<!-- Generated by org.testng.reporters.JUnitXMLReporter -->
<testsuite ignored="1" hostname="LAPTOP-899IDJMK" failures="0" tests="2" name="Default test" time="71.059" errors="0" timestamp="2024-12-24T11:27:46 IST">
  <testcase classname="org.testng78.ParallelExc" name="browser2" time="13.138"/>
  <testcase classname="org.testng78.ParallelExc" name="browser2" time="54.393"/>
  <testcase classname="org.testng78.ParallelExc" name="browser3" time="0.0">
    <ignored/>
  </testcase> <!-- browser3 -->
</testsuite> <!-- Default test -->
