<?xml version="1.0" encoding="UTF-8"?>
<!-- Generated by org.testng.reporters.JUnitXMLReporter -->
<testsuite ignored="0" hostname="LAPTOP-899IDJMK" failures="1" tests="1" name="Test" time="0.163" errors="0" timestamp="2024-12-28T15:31:13 IST">
  <testcase classname="org.testng78.Datapa" name="login" time="0.0">
    <failure type="org.testng.TestNGException" message="
Method login requires 2 parameters but 4 were supplied in the @Test annotation.">
      <![CDATA[org.testng.TestNGException: 
Method login requires 2 parameters but 4 were supplied in the @Test annotation.
at java.base/java.util.ArrayList.forEach(ArrayList.java:1511)
... Removed 26 stack frames]]>
    </failure>
  </testcase> <!-- login -->
</testsuite> <!-- Test -->
